2022-06-12 10:20:34,244|INFO |[restartedMain]||The Class-Path manifest attribute in C:\Users\lenovo\.m2\repository\org\glassfish\jaxb\jaxb-runtime\2.3.2\jaxb-runtime-2.3.2.jar referenced one or more files that do not exist: file:/C:/Users/lenovo/.m2/repository/org/glassfish/jaxb/jaxb-runtime/2.3.2/jakarta.xml.bind-api-2.3.2.jar,file:/C:/Users/lenovo/.m2/repository/org/glassfish/jaxb/jaxb-runtime/2.3.2/txw2-2.3.2.jar,file:/C:/Users/lenovo/.m2/repository/org/glassfish/jaxb/jaxb-runtime/2.3.2/istack-commons-runtime-3.0.8.jar,file:/C:/Users/lenovo/.m2/repository/org/glassfish/jaxb/jaxb-runtime/2.3.2/stax-ex-1.8.1.jar,file:/C:/Users/lenovo/.m2/repository/org/glassfish/jaxb/jaxb-runtime/2.3.2/FastInfoset-1.2.16.jar,file:/C:/Users/lenovo/.m2/repository/org/glassfish/jaxb/jaxb-runtime/2.3.2/jakarta.activation-api-1.2.1.jar
2022-06-12 10:20:34,273|INFO |[restartedMain]||Devtools property defaults active! Set 'spring.devtools.add-properties' to 'false' to disable
2022-06-12 10:20:35,627|INFO |[restartedMain]||No active profile set, falling back to default profiles: default
2022-06-12 10:20:44,303|INFO |[restartedMain]||Bootstrapping Spring Data JPA repositories in DEFAULT mode.
2022-06-12 10:20:45,196|INFO |[restartedMain]||Finished Spring Data repository scanning in 841ms. Found 2 JPA repository interfaces.
2022-06-12 10:20:49,800|INFO |[restartedMain]||BeanFactory id=ef6f6a0d-a0aa-3404-8ab3-ae938132a8c0
2022-06-12 10:20:58,350|INFO |[restartedMain]||Tomcat initialized with port(s): 8089 (http)
2022-06-12 10:20:58,391|INFO |[restartedMain]||Initializing ProtocolHandler ["http-nio-8089"]
2022-06-12 10:20:58,396|INFO |[restartedMain]||Starting service [Tomcat]
2022-06-12 10:20:58,401|INFO |[restartedMain]||Starting Servlet engine: [Apache Tomcat/9.0.31]
2022-06-12 10:20:58,833|INFO |[restartedMain]||Initializing Spring embedded WebApplicationContext
2022-06-12 10:20:58,837|INFO |[restartedMain]||Root WebApplicationContext: initialization completed in 23117 ms
2022-06-12 10:21:01,426|WARN |[restartedMain]||No URLs will be polled as dynamic configuration sources.
2022-06-12 10:21:01,428|INFO |[restartedMain]||To enable URLs as dynamic configuration sources, define System property archaius.configurationSource.additionalUrls or make config.properties available on classpath.
2022-06-12 10:21:01,467|INFO |[restartedMain]||DynamicPropertyFactory is initialized with configuration sources: com.netflix.config.ConcurrentCompositeConfiguration@74b92d9f
2022-06-12 10:21:04,156|WARN |[restartedMain]||Check result of the [RestTemplateSender{http://localhost:9411/api/v2/spans}] contains an error [CheckResult{ok=false, error=org.springframework.web.client.ResourceAccessException: I/O error on POST request for "http://localhost:9411/api/v2/spans": Connection refused: no further information; nested exception is java.net.ConnectException: Connection refused: no further information}]
2022-06-12 10:21:05,055|INFO |[restartedMain]||HikariPool-1 - Starting...
2022-06-12 10:21:05,804|INFO |[restartedMain]||HikariPool-1 - Start completed.
2022-06-12 10:21:05,992|INFO |[restartedMain]||HHH000204: Processing PersistenceUnitInfo [
	name: default
	...]
2022-06-12 10:21:06,516|INFO |[restartedMain]||HHH000412: Hibernate Core {5.4.0.Final}
2022-06-12 10:21:06,529|INFO |[restartedMain]||HHH000206: hibernate.properties not found
2022-06-12 10:21:07,390|INFO |[restartedMain]||HCANN000001: Hibernate Commons Annotations {5.1.0.Final}
2022-06-12 10:21:07,738|INFO |[restartedMain]||HHH000400: Using dialect: org.hibernate.dialect.Oracle10gDialect
2022-06-12 10:21:10,150|INFO |[restartedMain]||HHH000490: Using JtaPlatform implementation: [org.hibernate.engine.transaction.jta.platform.internal.NoJtaPlatform]
2022-06-12 10:21:10,165|INFO |[restartedMain]||Initialized JPA EntityManagerFactory for persistence unit 'default'
2022-06-12 10:21:11,408|INFO |[restartedMain]||HHH000397: Using ASTQueryTranslatorFactory
2022-06-12 10:21:15,422|WARN |[restartedMain]||spring.jpa.open-in-view is enabled by default. Therefore, database queries may be performed during view rendering. Explicitly configure spring.jpa.open-in-view to disable this warning
2022-06-12 10:21:15,919|INFO |[restartedMain]||Exposing 2 endpoint(s) beneath base path '/actuator'
2022-06-12 10:21:16,354|INFO |[restartedMain]||Mapped URL path [/v2/api-docs] onto method [springfox.documentation.swagger2.web.Swagger2Controller#getDocumentation(String, HttpServletRequest)]
2022-06-12 10:21:16,431|WARN |[restartedMain]||No URLs will be polled as dynamic configuration sources.
2022-06-12 10:21:16,433|INFO |[restartedMain]||To enable URLs as dynamic configuration sources, define System property archaius.configurationSource.additionalUrls or make config.properties available on classpath.
2022-06-12 10:21:16,788|INFO |[restartedMain]||Initializing ExecutorService 'applicationTaskExecutor'
2022-06-12 10:21:16,943|INFO |[restartedMain]||LiveReload server is running on port 35729
2022-06-12 10:21:19,814|INFO |[restartedMain]||Context refreshed
2022-06-12 10:21:19,860|INFO |[restartedMain]||Found 1 custom documentation plugin(s)
2022-06-12 10:21:19,942|INFO |[restartedMain]||Scanning for api listing references
2022-06-12 10:21:20,414|INFO |[restartedMain]||Generating unique operation named: handleUsingGET_1
2022-06-12 10:21:20,422|INFO |[restartedMain]||Generating unique operation named: handleUsingGET_2
2022-06-12 10:21:20,513|INFO |[restartedMain]||Starting ProtocolHandler ["http-nio-8089"]
2022-06-12 10:21:20,717|INFO |[restartedMain]||Tomcat started on port(s): 8089 (http) with context path ''
2022-06-12 10:21:21,257|INFO |[restartedMain]||Started DemoClientL in 48.965 seconds (JVM running for 51.86)
2022-06-12 10:21:21,301|INFO |[restartedMain]||*****************info**************
2022-06-12 10:21:59,894|INFO |[Thread-10]||Shutting down ExecutorService 'applicationTaskExecutor'
2022-06-12 10:21:59,907|INFO |[Thread-10]||Closing JPA EntityManagerFactory for persistence unit 'default'
2022-06-12 10:22:01,247|INFO |[Thread-10]||HikariPool-1 - Shutdown initiated...
2022-06-12 10:22:01,405|INFO |[Thread-10]||HikariPool-1 - Shutdown completed.
2022-06-12 10:22:01,437|WARN |[Thread-10]||Destroy method 'close' on bean with name 'traceHookRegisteringBeanDefinitionRegistryPostProcessor' threw an exception: java.lang.NoSuchMethodError: 'void reactor.core.publisher.Hooks.removeQueueWrapper(java.lang.String)'
2022-06-12 10:24:25,283|INFO |[restartedMain]||No active profile set, falling back to default profiles: default
2022-06-12 10:24:27,132|INFO |[restartedMain]||Bootstrapping Spring Data JPA repositories in DEFAULT mode.
2022-06-12 10:24:27,191|INFO |[restartedMain]||Finished Spring Data repository scanning in 53ms. Found 2 JPA repository interfaces.
2022-06-12 10:24:27,688|INFO |[restartedMain]||BeanFactory id=ef6f6a0d-a0aa-3404-8ab3-ae938132a8c0
2022-06-12 10:24:28,141|INFO |[restartedMain]||Tomcat initialized with port(s): 8089 (http)
2022-06-12 10:24:28,145|INFO |[restartedMain]||Starting service [Tomcat]
2022-06-12 10:24:28,146|INFO |[restartedMain]||Starting Servlet engine: [Apache Tomcat/9.0.31]
2022-06-12 10:24:28,216|INFO |[restartedMain]||Initializing Spring embedded WebApplicationContext
2022-06-12 10:24:28,217|INFO |[restartedMain]||Root WebApplicationContext: initialization completed in 2927 ms
2022-06-12 10:24:29,533|ERROR|[restartedMain]||Error starting Tomcat context. Exception: org.springframework.beans.factory.UnsatisfiedDependencyException. Message: Error creating bean with name 'tracingFilter' defined in class path resource [org/springframework/cloud/sleuth/instrument/web/TraceWebServletAutoConfiguration.class]: Unsatisfied dependency expressed through method 'tracingFilter' parameter 0; nested exception is org.springframework.beans.factory.UnsatisfiedDependencyException: Error creating bean with name 'httpTracing' defined in class path resource [org/springframework/cloud/sleuth/instrument/web/TraceHttpAutoConfiguration.class]: Unsatisfied dependency expressed through method 'httpTracing' parameter 0; nested exception is org.springframework.beans.factory.UnsatisfiedDependencyException: Error creating bean with name 'tracing' defined in class path resource [org/springframework/cloud/sleuth/autoconfig/TraceAutoConfiguration.class]: Unsatisfied dependency expressed through method 'tracing' parameter 3; nested exception is org.springframework.beans.factory.BeanCreationException: Error creating bean with name 'defaultTraceSampler' defined in BeanDefinition defined in class path resource [org/springframework/cloud/sleuth/sampler/SamplerAutoConfiguration$RefreshScopedSamplerConfiguration.class]: Initialization of bean failed; nested exception is org.springframework.aop.framework.AopConfigException: Could not generate CGLIB subclass of class brave.sampler.Sampler: Common causes of this problem include using a final class or a non-visible class; nested exception is org.springframework.cglib.core.CodeGenerationException: java.lang.LinkageError-->loader 'app' attempted duplicate class definition for brave.sampler.Sampler$$EnhancerBySpringCGLIB$$e30c2284. (brave.sampler.Sampler$$EnhancerBySpringCGLIB$$e30c2284 is in unnamed module of loader 'app')
2022-06-12 10:24:29,540|INFO |[restartedMain]||Stopping service [Tomcat]
2022-06-12 10:24:29,566|WARN |[restartedMain]||The web application [ROOT] appears to have started a thread named [spring.cloud.inetutils] but has failed to stop it. This is very likely to create a memory leak. Stack trace of thread:
 java.base@17.0.2/jdk.internal.misc.Unsafe.park(Native Method)
 java.base@17.0.2/java.util.concurrent.locks.LockSupport.park(LockSupport.java:341)
 java.base@17.0.2/java.util.concurrent.locks.AbstractQueuedSynchronizer$ConditionNode.block(AbstractQueuedSynchronizer.java:506)
 java.base@17.0.2/java.util.concurrent.ForkJoinPool.unmanagedBlock(ForkJoinPool.java:3463)
 java.base@17.0.2/java.util.concurrent.ForkJoinPool.managedBlock(ForkJoinPool.java:3434)
 java.base@17.0.2/java.util.concurrent.locks.AbstractQueuedSynchronizer$ConditionObject.await(AbstractQueuedSynchronizer.java:1623)
 java.base@17.0.2/java.util.concurrent.LinkedBlockingQueue.take(LinkedBlockingQueue.java:435)
 java.base@17.0.2/java.util.concurrent.ThreadPoolExecutor.getTask(ThreadPoolExecutor.java:1062)
 java.base@17.0.2/java.util.concurrent.ThreadPoolExecutor.runWorker(ThreadPoolExecutor.java:1122)
 java.base@17.0.2/java.util.concurrent.ThreadPoolExecutor$Worker.run(ThreadPoolExecutor.java:635)
 java.base@17.0.2/java.lang.Thread.run(Thread.java:833)
2022-06-12 10:24:29,571|WARN |[restartedMain]||Exception encountered during context initialization - cancelling refresh attempt: org.springframework.context.ApplicationContextException: Unable to start web server; nested exception is org.springframework.boot.web.server.WebServerException: Unable to start embedded Tomcat
2022-06-12 10:24:29,582|WARN |[restartedMain]||Destroy method 'close' on bean with name 'traceHookRegisteringBeanDefinitionRegistryPostProcessor' threw an exception: java.lang.NoSuchMethodError: 'void reactor.core.publisher.Hooks.removeQueueWrapper(java.lang.String)'
2022-06-12 10:24:29,603|INFO |[restartedMain]||

Error starting ApplicationContext. To display the conditions report re-run your application with 'debug' enabled.
2022-06-12 10:24:29,618|ERROR|[restartedMain]||Application run failed
org.springframework.context.ApplicationContextException: Unable to start web server; nested exception is org.springframework.boot.web.server.WebServerException: Unable to start embedded Tomcat
	at org.springframework.boot.web.servlet.context.ServletWebServerApplicationContext.onRefresh(ServletWebServerApplicationContext.java:156)
	at org.springframework.context.support.AbstractApplicationContext.refresh(AbstractApplicationContext.java:544)
	at org.springframework.boot.web.servlet.context.ServletWebServerApplicationContext.refresh(ServletWebServerApplicationContext.java:141)
	at org.springframework.boot.SpringApplication.refresh(SpringApplication.java:747)
	at org.springframework.boot.SpringApplication.refreshContext(SpringApplication.java:397)
	at org.springframework.boot.SpringApplication.run(SpringApplication.java:315)
	at org.springframework.boot.SpringApplication.run(SpringApplication.java:1226)
	at org.springframework.boot.SpringApplication.run(SpringApplication.java:1215)
	at com.example.demo.DemoClientL.main(DemoClientL.java:31)
	at java.base/jdk.internal.reflect.NativeMethodAccessorImpl.invoke0(Native Method)
	at java.base/jdk.internal.reflect.NativeMethodAccessorImpl.invoke(NativeMethodAccessorImpl.java:77)
	at java.base/jdk.internal.reflect.DelegatingMethodAccessorImpl.invoke(DelegatingMethodAccessorImpl.java:43)
	at java.base/java.lang.reflect.Method.invoke(Method.java:568)
	at org.springframework.boot.devtools.restart.RestartLauncher.run(RestartLauncher.java:49)
Caused by: org.springframework.boot.web.server.WebServerException: Unable to start embedded Tomcat
	at org.springframework.boot.web.embedded.tomcat.TomcatWebServer.initialize(TomcatWebServer.java:126)
	at org.springframework.boot.web.embedded.tomcat.TomcatWebServer.<init>(TomcatWebServer.java:88)
	at org.springframework.boot.web.embedded.tomcat.TomcatServletWebServerFactory.getTomcatWebServer(TomcatServletWebServerFactory.java:438)
	at org.springframework.boot.web.embedded.tomcat.TomcatServletWebServerFactory.getWebServer(TomcatServletWebServerFactory.java:191)
	at org.springframework.boot.web.servlet.context.ServletWebServerApplicationContext.createWebServer(ServletWebServerApplicationContext.java:180)
	at org.springframework.boot.web.servlet.context.ServletWebServerApplicationContext.onRefresh(ServletWebServerApplicationContext.java:153)
	... 13 common frames omitted
Caused by: org.springframework.beans.factory.UnsatisfiedDependencyException: Error creating bean with name 'tracingFilter' defined in class path resource [org/springframework/cloud/sleuth/instrument/web/TraceWebServletAutoConfiguration.class]: Unsatisfied dependency expressed through method 'tracingFilter' parameter 0; nested exception is org.springframework.beans.factory.UnsatisfiedDependencyException: Error creating bean with name 'httpTracing' defined in class path resource [org/springframework/cloud/sleuth/instrument/web/TraceHttpAutoConfiguration.class]: Unsatisfied dependency expressed through method 'httpTracing' parameter 0; nested exception is org.springframework.beans.factory.UnsatisfiedDependencyException: Error creating bean with name 'tracing' defined in class path resource [org/springframework/cloud/sleuth/autoconfig/TraceAutoConfiguration.class]: Unsatisfied dependency expressed through method 'tracing' parameter 3; nested exception is org.springframework.beans.factory.BeanCreationException: Error creating bean with name 'defaultTraceSampler' defined in BeanDefinition defined in class path resource [org/springframework/cloud/sleuth/sampler/SamplerAutoConfiguration$RefreshScopedSamplerConfiguration.class]: Initialization of bean failed; nested exception is org.springframework.aop.framework.AopConfigException: Could not generate CGLIB subclass of class brave.sampler.Sampler: Common causes of this problem include using a final class or a non-visible class; nested exception is org.springframework.cglib.core.CodeGenerationException: java.lang.LinkageError-->loader 'app' attempted duplicate class definition for brave.sampler.Sampler$$EnhancerBySpringCGLIB$$e30c2284. (brave.sampler.Sampler$$EnhancerBySpringCGLIB$$e30c2284 is in unnamed module of loader 'app')
	at org.springframework.beans.factory.support.ConstructorResolver.createArgumentArray(ConstructorResolver.java:798)
	at org.springframework.beans.factory.support.ConstructorResolver.instantiateUsingFactoryMethod(ConstructorResolver.java:539)
	at org.springframework.beans.factory.support.AbstractAutowireCapableBeanFactory.instantiateUsingFactoryMethod(AbstractAutowireCapableBeanFactory.java:1338)
	at org.springframework.beans.factory.support.AbstractAutowireCapableBeanFactory.createBeanInstance(AbstractAutowireCapableBeanFactory.java:1177)
	at org.springframework.beans.factory.support.AbstractAutowireCapableBeanFactory.doCreateBean(AbstractAutowireCapableBeanFactory.java:557)
	at org.springframework.beans.factory.support.AbstractAutowireCapableBeanFactory.createBean(AbstractAutowireCapableBeanFactory.java:517)
	at org.springframework.beans.factory.support.AbstractBeanFactory.lambda$doGetBean$0(AbstractBeanFactory.java:323)
	at org.springframework.beans.factory.support.DefaultSingletonBeanRegistry.getSingleton(DefaultSingletonBeanRegistry.java:222)
	at org.springframework.beans.factory.support.AbstractBeanFactory.doGetBean(AbstractBeanFactory.java:321)
	at org.springframework.beans.factory.support.AbstractBeanFactory.getBean(AbstractBeanFactory.java:207)
	at org.springframework.boot.web.servlet.ServletContextInitializerBeans.getOrderedBeansOfType(ServletContextInitializerBeans.java:211)
	at org.springframework.boot.web.servlet.ServletContextInitializerBeans.addAsRegistrationBean(ServletContextInitializerBeans.java:174)
	at org.springframework.boot.web.servlet.ServletContextInitializerBeans.addAsRegistrationBean(ServletContextInitializerBeans.java:169)
	at org.springframework.boot.web.servlet.ServletContextInitializerBeans.addAdaptableBeans(ServletContextInitializerBeans.java:154)
	at org.springframework.boot.web.servlet.ServletContextInitializerBeans.<init>(ServletContextInitializerBeans.java:86)
	at org.springframework.boot.web.servlet.context.ServletWebServerApplicationContext.getServletContextInitializerBeans(ServletWebServerApplicationContext.java:253)
	at org.springframework.boot.web.servlet.context.ServletWebServerApplicationContext.selfInitialize(ServletWebServerApplicationContext.java:227)
	at org.springframework.boot.web.embedded.tomcat.TomcatStarter.onStartup(TomcatStarter.java:53)
	at org.apache.catalina.core.StandardContext.startInternal(StandardContext.java:5135)
	at org.apache.catalina.util.LifecycleBase.start(LifecycleBase.java:183)
	at org.apache.catalina.core.ContainerBase$StartChild.call(ContainerBase.java:1384)
	at org.apache.catalina.core.ContainerBase$StartChild.call(ContainerBase.java:1374)
	at java.base/java.util.concurrent.FutureTask.run(FutureTask.java:264)
	at org.apache.tomcat.util.threads.InlineExecutorService.execute(InlineExecutorService.java:75)
	at java.base/java.util.concurrent.AbstractExecutorService.submit(AbstractExecutorService.java:145)
	at org.apache.catalina.core.ContainerBase.startInternal(ContainerBase.java:909)
	at org.apache.catalina.core.StandardHost.startInternal(StandardHost.java:841)
	at org.apache.catalina.util.LifecycleBase.start(LifecycleBase.java:183)
	at org.apache.catalina.core.ContainerBase$StartChild.call(ContainerBase.java:1384)
	at org.apache.catalina.core.ContainerBase$StartChild.call(ContainerBase.java:1374)
	at java.base/java.util.concurrent.FutureTask.run(FutureTask.java:264)
	at org.apache.tomcat.util.threads.InlineExecutorService.execute(InlineExecutorService.java:75)
	at java.base/java.util.concurrent.AbstractExecutorService.submit(AbstractExecutorService.java:145)
	at org.apache.catalina.core.ContainerBase.startInternal(ContainerBase.java:909)
	at org.apache.catalina.core.StandardEngine.startInternal(StandardEngine.java:262)
	at org.apache.catalina.util.LifecycleBase.start(LifecycleBase.java:183)
	at org.apache.catalina.core.StandardService.startInternal(StandardService.java:421)
	at org.apache.catalina.util.LifecycleBase.start(LifecycleBase.java:183)
	at org.apache.catalina.core.StandardServer.startInternal(StandardServer.java:930)
	at org.apache.catalina.util.LifecycleBase.start(LifecycleBase.java:183)
	at org.apache.catalina.startup.Tomcat.start(Tomcat.java:467)
	at org.springframework.boot.web.embedded.tomcat.TomcatWebServer.initialize(TomcatWebServer.java:107)
	... 18 common frames omitted
Caused by: org.springframework.beans.factory.UnsatisfiedDependencyException: Error creating bean with name 'httpTracing' defined in class path resource [org/springframework/cloud/sleuth/instrument/web/TraceHttpAutoConfiguration.class]: Unsatisfied dependency expressed through method 'httpTracing' parameter 0; nested exception is org.springframework.beans.factory.UnsatisfiedDependencyException: Error creating bean with name 'tracing' defined in class path resource [org/springframework/cloud/sleuth/autoconfig/TraceAutoConfiguration.class]: Unsatisfied dependency expressed through method 'tracing' parameter 3; nested exception is org.springframework.beans.factory.BeanCreationException: Error creating bean with name 'defaultTraceSampler' defined in BeanDefinition defined in class path resource [org/springframework/cloud/sleuth/sampler/SamplerAutoConfiguration$RefreshScopedSamplerConfiguration.class]: Initialization of bean failed; nested exception is org.springframework.aop.framework.AopConfigException: Could not generate CGLIB subclass of class brave.sampler.Sampler: Common causes of this problem include using a final class or a non-visible class; nested exception is org.springframework.cglib.core.CodeGenerationException: java.lang.LinkageError-->loader 'app' attempted duplicate class definition for brave.sampler.Sampler$$EnhancerBySpringCGLIB$$e30c2284. (brave.sampler.Sampler$$EnhancerBySpringCGLIB$$e30c2284 is in unnamed module of loader 'app')
	at org.springframework.beans.factory.support.ConstructorResolver.createArgumentArray(ConstructorResolver.java:798)
	at org.springframework.beans.factory.support.ConstructorResolver.instantiateUsingFactoryMethod(ConstructorResolver.java:539)
	at org.springframework.beans.factory.support.AbstractAutowireCapableBeanFactory.instantiateUsingFactoryMethod(AbstractAutowireCapableBeanFactory.java:1338)
	at org.springframework.beans.factory.support.AbstractAutowireCapableBeanFactory.createBeanInstance(AbstractAutowireCapableBeanFactory.java:1177)
	at org.springframework.beans.factory.support.AbstractAutowireCapableBeanFactory.doCreateBean(AbstractAutowireCapableBeanFactory.java:557)
	at org.springframework.beans.factory.support.AbstractAutowireCapableBeanFactory.createBean(AbstractAutowireCapableBeanFactory.java:517)
	at org.springframework.beans.factory.support.AbstractBeanFactory.lambda$doGetBean$0(AbstractBeanFactory.java:323)
	at org.springframework.beans.factory.support.DefaultSingletonBeanRegistry.getSingleton(DefaultSingletonBeanRegistry.java:222)
	at org.springframework.beans.factory.support.AbstractBeanFactory.doGetBean(AbstractBeanFactory.java:321)
	at org.springframework.beans.factory.support.AbstractBeanFactory.getBean(AbstractBeanFactory.java:202)
	at org.springframework.beans.factory.config.DependencyDescriptor.resolveCandidate(DependencyDescriptor.java:276)
	at org.springframework.beans.factory.support.DefaultListableBeanFactory.doResolveDependency(DefaultListableBeanFactory.java:1287)
	at org.springframework.beans.factory.support.DefaultListableBeanFactory.resolveDependency(DefaultListableBeanFactory.java:1207)
	at org.springframework.beans.factory.support.ConstructorResolver.resolveAutowiredArgument(ConstructorResolver.java:885)
	at org.springframework.beans.factory.support.ConstructorResolver.createArgumentArray(ConstructorResolver.java:789)
	... 59 common frames omitted
Caused by: org.springframework.beans.factory.UnsatisfiedDependencyException: Error creating bean with name 'tracing' defined in class path resource [org/springframework/cloud/sleuth/autoconfig/TraceAutoConfiguration.class]: Unsatisfied dependency expressed through method 'tracing' parameter 3; nested exception is org.springframework.beans.factory.BeanCreationException: Error creating bean with name 'defaultTraceSampler' defined in BeanDefinition defined in class path resource [org/springframework/cloud/sleuth/sampler/SamplerAutoConfiguration$RefreshScopedSamplerConfiguration.class]: Initialization of bean failed; nested exception is org.springframework.aop.framework.AopConfigException: Could not generate CGLIB subclass of class brave.sampler.Sampler: Common causes of this problem include using a final class or a non-visible class; nested exception is org.springframework.cglib.core.CodeGenerationException: java.lang.LinkageError-->loader 'app' attempted duplicate class definition for brave.sampler.Sampler$$EnhancerBySpringCGLIB$$e30c2284. (brave.sampler.Sampler$$EnhancerBySpringCGLIB$$e30c2284 is in unnamed module of loader 'app')
	at org.springframework.beans.factory.support.ConstructorResolver.createArgumentArray(ConstructorResolver.java:798)
	at org.springframework.beans.factory.support.ConstructorResolver.instantiateUsingFactoryMethod(ConstructorResolver.java:539)
	at org.springframework.beans.factory.support.AbstractAutowireCapableBeanFactory.instantiateUsingFactoryMethod(AbstractAutowireCapableBeanFactory.java:1338)
	at org.springframework.beans.factory.support.AbstractAutowireCapableBeanFactory.createBeanInstance(AbstractAutowireCapableBeanFactory.java:1177)
	at org.springframework.beans.factory.support.AbstractAutowireCapableBeanFactory.doCreateBean(AbstractAutowireCapableBeanFactory.java:557)
	at org.springframework.beans.factory.support.AbstractAutowireCapableBeanFactory.createBean(AbstractAutowireCapableBeanFactory.java:517)
	at org.springframework.beans.factory.support.AbstractBeanFactory.lambda$doGetBean$0(AbstractBeanFactory.java:323)
	at org.springframework.beans.factory.support.DefaultSingletonBeanRegistry.getSingleton(DefaultSingletonBeanRegistry.java:222)
	at org.springframework.beans.factory.support.AbstractBeanFactory.doGetBean(AbstractBeanFactory.java:321)
	at org.springframework.beans.factory.support.AbstractBeanFactory.getBean(AbstractBeanFactory.java:202)
	at org.springframework.beans.factory.config.DependencyDescriptor.resolveCandidate(DependencyDescriptor.java:276)
	at org.springframework.beans.factory.support.DefaultListableBeanFactory.doResolveDependency(DefaultListableBeanFactory.java:1287)
	at org.springframework.beans.factory.support.DefaultListableBeanFactory.resolveDependency(DefaultListableBeanFactory.java:1207)
	at org.springframework.beans.factory.support.ConstructorResolver.resolveAutowiredArgument(ConstructorResolver.java:885)
	at org.springframework.beans.factory.support.ConstructorResolver.createArgumentArray(ConstructorResolver.java:789)
	... 73 common frames omitted
Caused by: org.springframework.beans.factory.BeanCreationException: Error creating bean with name 'defaultTraceSampler' defined in BeanDefinition defined in class path resource [org/springframework/cloud/sleuth/sampler/SamplerAutoConfiguration$RefreshScopedSamplerConfiguration.class]: Initialization of bean failed; nested exception is org.springframework.aop.framework.AopConfigException: Could not generate CGLIB subclass of class brave.sampler.Sampler: Common causes of this problem include using a final class or a non-visible class; nested exception is org.springframework.cglib.core.CodeGenerationException: java.lang.LinkageError-->loader 'app' attempted duplicate class definition for brave.sampler.Sampler$$EnhancerBySpringCGLIB$$e30c2284. (brave.sampler.Sampler$$EnhancerBySpringCGLIB$$e30c2284 is in unnamed module of loader 'app')
	at org.springframework.beans.factory.support.AbstractAutowireCapableBeanFactory.doCreateBean(AbstractAutowireCapableBeanFactory.java:603)
	at org.springframework.beans.factory.support.AbstractAutowireCapableBeanFactory.createBean(AbstractAutowireCapableBeanFactory.java:517)
	at org.springframework.beans.factory.support.AbstractBeanFactory.lambda$doGetBean$0(AbstractBeanFactory.java:323)
	at org.springframework.beans.factory.support.DefaultSingletonBeanRegistry.getSingleton(DefaultSingletonBeanRegistry.java:222)
	at org.springframework.beans.factory.support.AbstractBeanFactory.doGetBean(AbstractBeanFactory.java:321)
	at org.springframework.beans.factory.support.AbstractBeanFactory.getBean(AbstractBeanFactory.java:202)
	at org.springframework.beans.factory.config.DependencyDescriptor.resolveCandidate(DependencyDescriptor.java:276)
	at org.springframework.beans.factory.support.DefaultListableBeanFactory.doResolveDependency(DefaultListableBeanFactory.java:1287)
	at org.springframework.beans.factory.support.DefaultListableBeanFactory.resolveDependency(DefaultListableBeanFactory.java:1207)
	at org.springframework.beans.factory.support.ConstructorResolver.resolveAutowiredArgument(ConstructorResolver.java:885)
	at org.springframework.beans.factory.support.ConstructorResolver.createArgumentArray(ConstructorResolver.java:789)
	... 87 common frames omitted
Caused by: org.springframework.aop.framework.AopConfigException: Could not generate CGLIB subclass of class brave.sampler.Sampler: Common causes of this problem include using a final class or a non-visible class; nested exception is org.springframework.cglib.core.CodeGenerationException: java.lang.LinkageError-->loader 'app' attempted duplicate class definition for brave.sampler.Sampler$$EnhancerBySpringCGLIB$$e30c2284. (brave.sampler.Sampler$$EnhancerBySpringCGLIB$$e30c2284 is in unnamed module of loader 'app')
	at org.springframework.aop.framework.CglibAopProxy.getProxy(CglibAopProxy.java:208)
	at org.springframework.aop.framework.ProxyFactory.getProxy(ProxyFactory.java:110)
	at org.springframework.aop.scope.ScopedProxyFactoryBean.setBeanFactory(ScopedProxyFactoryBean.java:117)
	at org.springframework.cloud.context.scope.GenericScope$LockedScopedProxyFactoryBean.setBeanFactory(GenericScope.java:462)
	at org.springframework.beans.factory.support.AbstractAutowireCapableBeanFactory.invokeAwareMethods(AbstractAutowireCapableBeanFactory.java:1818)
	at org.springframework.beans.factory.support.AbstractAutowireCapableBeanFactory.initializeBean(AbstractAutowireCapableBeanFactory.java:1783)
	at org.springframework.beans.factory.support.AbstractAutowireCapableBeanFactory.doCreateBean(AbstractAutowireCapableBeanFactory.java:595)
	... 97 common frames omitted
Caused by: org.springframework.cglib.core.CodeGenerationException: java.lang.LinkageError-->loader 'app' attempted duplicate class definition for brave.sampler.Sampler$$EnhancerBySpringCGLIB$$e30c2284. (brave.sampler.Sampler$$EnhancerBySpringCGLIB$$e30c2284 is in unnamed module of loader 'app')
	at org.springframework.cglib.core.ReflectUtils.defineClass(ReflectUtils.java:558)
	at org.springframework.cglib.core.AbstractClassGenerator.generate(AbstractClassGenerator.java:363)
	at org.springframework.cglib.proxy.Enhancer.generate(Enhancer.java:582)
	at org.springframework.cglib.core.AbstractClassGenerator$ClassLoaderData$3.apply(AbstractClassGenerator.java:110)
	at org.springframework.cglib.core.AbstractClassGenerator$ClassLoaderData$3.apply(AbstractClassGenerator.java:108)
	at org.springframework.cglib.core.internal.LoadingCache$2.call(LoadingCache.java:54)
	at java.base/java.util.concurrent.FutureTask.run(FutureTask.java:264)
	at org.springframework.cglib.core.internal.LoadingCache.createEntry(LoadingCache.java:61)
	at org.springframework.cglib.core.internal.LoadingCache.get(LoadingCache.java:34)
	at org.springframework.cglib.core.AbstractClassGenerator$ClassLoaderData.get(AbstractClassGenerator.java:134)
	at org.springframework.cglib.core.AbstractClassGenerator.create(AbstractClassGenerator.java:319)
	at org.springframework.cglib.proxy.Enhancer.createHelper(Enhancer.java:569)
	at org.springframework.cglib.proxy.Enhancer.createClass(Enhancer.java:416)
	at org.springframework.aop.framework.ObjenesisCglibAopProxy.createProxyClassAndInstance(ObjenesisCglibAopProxy.java:57)
	at org.springframework.aop.framework.CglibAopProxy.getProxy(CglibAopProxy.java:205)
	... 103 common frames omitted
Caused by: java.lang.LinkageError: loader 'app' attempted duplicate class definition for brave.sampler.Sampler$$EnhancerBySpringCGLIB$$e30c2284. (brave.sampler.Sampler$$EnhancerBySpringCGLIB$$e30c2284 is in unnamed module of loader 'app')
	at java.base/java.lang.ClassLoader.defineClass0(Native Method)
	at java.base/java.lang.System$2.defineClass(System.java:2307)
	at java.base/java.lang.invoke.MethodHandles$Lookup$ClassDefiner.defineClass(MethodHandles.java:2439)
	at java.base/java.lang.invoke.MethodHandles$Lookup$ClassDefiner.defineClass(MethodHandles.java:2416)
	at java.base/java.lang.invoke.MethodHandles$Lookup.defineClass(MethodHandles.java:1843)
	at java.base/jdk.internal.reflect.GeneratedMethodAccessor57.invoke(Unknown Source)
	at java.base/jdk.internal.reflect.DelegatingMethodAccessorImpl.invoke(DelegatingMethodAccessorImpl.java:43)
	at java.base/java.lang.reflect.Method.invoke(Method.java:568)
	at org.springframework.cglib.core.ReflectUtils.defineClass(ReflectUtils.java:555)
	... 117 common frames omitted
2022-06-12 11:01:54,710|INFO |[restartedMain]||No active profile set, falling back to default profiles: default
2022-06-12 11:01:57,261|INFO |[restartedMain]||Bootstrapping Spring Data JPA repositories in DEFAULT mode.
2022-06-12 11:01:57,326|INFO |[restartedMain]||Finished Spring Data repository scanning in 63ms. Found 2 JPA repository interfaces.
2022-06-12 11:01:57,720|INFO |[restartedMain]||BeanFactory id=ef6f6a0d-a0aa-3404-8ab3-ae938132a8c0
2022-06-12 11:01:58,365|INFO |[restartedMain]||Tomcat initialized with port(s): 8089 (http)
2022-06-12 11:01:58,366|INFO |[restartedMain]||Starting service [Tomcat]
2022-06-12 11:01:58,367|INFO |[restartedMain]||Starting Servlet engine: [Apache Tomcat/9.0.31]
2022-06-12 11:01:58,460|INFO |[restartedMain]||Initializing Spring embedded WebApplicationContext
2022-06-12 11:01:58,461|INFO |[restartedMain]||Root WebApplicationContext: initialization completed in 3569 ms
2022-06-12 11:01:59,786|ERROR|[restartedMain]||Error starting Tomcat context. Exception: org.springframework.beans.factory.UnsatisfiedDependencyException. Message: Error creating bean with name 'tracingFilter' defined in class path resource [org/springframework/cloud/sleuth/instrument/web/TraceWebServletAutoConfiguration.class]: Unsatisfied dependency expressed through method 'tracingFilter' parameter 0; nested exception is org.springframework.beans.factory.UnsatisfiedDependencyException: Error creating bean with name 'httpTracing' defined in class path resource [org/springframework/cloud/sleuth/instrument/web/TraceHttpAutoConfiguration.class]: Unsatisfied dependency expressed through method 'httpTracing' parameter 0; nested exception is org.springframework.beans.factory.UnsatisfiedDependencyException: Error creating bean with name 'tracing' defined in class path resource [org/springframework/cloud/sleuth/autoconfig/TraceAutoConfiguration.class]: Unsatisfied dependency expressed through method 'tracing' parameter 3; nested exception is org.springframework.beans.factory.BeanCreationException: Error creating bean with name 'defaultTraceSampler' defined in BeanDefinition defined in class path resource [org/springframework/cloud/sleuth/sampler/SamplerAutoConfiguration$RefreshScopedSamplerConfiguration.class]: Initialization of bean failed; nested exception is org.springframework.aop.framework.AopConfigException: Could not generate CGLIB subclass of class brave.sampler.Sampler: Common causes of this problem include using a final class or a non-visible class; nested exception is org.springframework.cglib.core.CodeGenerationException: java.lang.LinkageError-->loader 'app' attempted duplicate class definition for brave.sampler.Sampler$$EnhancerBySpringCGLIB$$e30c2284. (brave.sampler.Sampler$$EnhancerBySpringCGLIB$$e30c2284 is in unnamed module of loader 'app')
2022-06-12 11:01:59,790|INFO |[restartedMain]||Stopping service [Tomcat]
2022-06-12 11:01:59,804|WARN |[restartedMain]||The web application [ROOT] appears to have started a thread named [spring.cloud.inetutils] but has failed to stop it. This is very likely to create a memory leak. Stack trace of thread:
 java.base@17.0.2/jdk.internal.misc.Unsafe.park(Native Method)
 java.base@17.0.2/java.util.concurrent.locks.LockSupport.park(LockSupport.java:341)
 java.base@17.0.2/java.util.concurrent.locks.AbstractQueuedSynchronizer$ConditionNode.block(AbstractQueuedSynchronizer.java:506)
 java.base@17.0.2/java.util.concurrent.ForkJoinPool.unmanagedBlock(ForkJoinPool.java:3463)
 java.base@17.0.2/java.util.concurrent.ForkJoinPool.managedBlock(ForkJoinPool.java:3434)
 java.base@17.0.2/java.util.concurrent.locks.AbstractQueuedSynchronizer$ConditionObject.await(AbstractQueuedSynchronizer.java:1623)
 java.base@17.0.2/java.util.concurrent.LinkedBlockingQueue.take(LinkedBlockingQueue.java:435)
 java.base@17.0.2/java.util.concurrent.ThreadPoolExecutor.getTask(ThreadPoolExecutor.java:1062)
 java.base@17.0.2/java.util.concurrent.ThreadPoolExecutor.runWorker(ThreadPoolExecutor.java:1122)
 java.base@17.0.2/java.util.concurrent.ThreadPoolExecutor$Worker.run(ThreadPoolExecutor.java:635)
 java.base@17.0.2/java.lang.Thread.run(Thread.java:833)
2022-06-12 11:01:59,806|WARN |[restartedMain]||Exception encountered during context initialization - cancelling refresh attempt: org.springframework.context.ApplicationContextException: Unable to start web server; nested exception is org.springframework.boot.web.server.WebServerException: Unable to start embedded Tomcat
2022-06-12 11:01:59,816|WARN |[restartedMain]||Destroy method 'close' on bean with name 'traceHookRegisteringBeanDefinitionRegistryPostProcessor' threw an exception: java.lang.NoSuchMethodError: 'void reactor.core.publisher.Hooks.removeQueueWrapper(java.lang.String)'
2022-06-12 11:01:59,828|INFO |[restartedMain]||

Error starting ApplicationContext. To display the conditions report re-run your application with 'debug' enabled.
2022-06-12 11:01:59,832|ERROR|[restartedMain]||Application run failed
org.springframework.context.ApplicationContextException: Unable to start web server; nested exception is org.springframework.boot.web.server.WebServerException: Unable to start embedded Tomcat
	at org.springframework.boot.web.servlet.context.ServletWebServerApplicationContext.onRefresh(ServletWebServerApplicationContext.java:156)
	at org.springframework.context.support.AbstractApplicationContext.refresh(AbstractApplicationContext.java:544)
	at org.springframework.boot.web.servlet.context.ServletWebServerApplicationContext.refresh(ServletWebServerApplicationContext.java:141)
	at org.springframework.boot.SpringApplication.refresh(SpringApplication.java:747)
	at org.springframework.boot.SpringApplication.refreshContext(SpringApplication.java:397)
	at org.springframework.boot.SpringApplication.run(SpringApplication.java:315)
	at org.springframework.boot.SpringApplication.run(SpringApplication.java:1226)
	at org.springframework.boot.SpringApplication.run(SpringApplication.java:1215)
	at com.example.demo.DemoClientL.main(DemoClientL.java:31)
	at java.base/jdk.internal.reflect.NativeMethodAccessorImpl.invoke0(Native Method)
	at java.base/jdk.internal.reflect.NativeMethodAccessorImpl.invoke(NativeMethodAccessorImpl.java:77)
	at java.base/jdk.internal.reflect.DelegatingMethodAccessorImpl.invoke(DelegatingMethodAccessorImpl.java:43)
	at java.base/java.lang.reflect.Method.invoke(Method.java:568)
	at org.springframework.boot.devtools.restart.RestartLauncher.run(RestartLauncher.java:49)
Caused by: org.springframework.boot.web.server.WebServerException: Unable to start embedded Tomcat
	at org.springframework.boot.web.embedded.tomcat.TomcatWebServer.initialize(TomcatWebServer.java:126)
	at org.springframework.boot.web.embedded.tomcat.TomcatWebServer.<init>(TomcatWebServer.java:88)
	at org.springframework.boot.web.embedded.tomcat.TomcatServletWebServerFactory.getTomcatWebServer(TomcatServletWebServerFactory.java:438)
	at org.springframework.boot.web.embedded.tomcat.TomcatServletWebServerFactory.getWebServer(TomcatServletWebServerFactory.java:191)
	at org.springframework.boot.web.servlet.context.ServletWebServerApplicationContext.createWebServer(ServletWebServerApplicationContext.java:180)
	at org.springframework.boot.web.servlet.context.ServletWebServerApplicationContext.onRefresh(ServletWebServerApplicationContext.java:153)
	... 13 common frames omitted
Caused by: org.springframework.beans.factory.UnsatisfiedDependencyException: Error creating bean with name 'tracingFilter' defined in class path resource [org/springframework/cloud/sleuth/instrument/web/TraceWebServletAutoConfiguration.class]: Unsatisfied dependency expressed through method 'tracingFilter' parameter 0; nested exception is org.springframework.beans.factory.UnsatisfiedDependencyException: Error creating bean with name 'httpTracing' defined in class path resource [org/springframework/cloud/sleuth/instrument/web/TraceHttpAutoConfiguration.class]: Unsatisfied dependency expressed through method 'httpTracing' parameter 0; nested exception is org.springframework.beans.factory.UnsatisfiedDependencyException: Error creating bean with name 'tracing' defined in class path resource [org/springframework/cloud/sleuth/autoconfig/TraceAutoConfiguration.class]: Unsatisfied dependency expressed through method 'tracing' parameter 3; nested exception is org.springframework.beans.factory.BeanCreationException: Error creating bean with name 'defaultTraceSampler' defined in BeanDefinition defined in class path resource [org/springframework/cloud/sleuth/sampler/SamplerAutoConfiguration$RefreshScopedSamplerConfiguration.class]: Initialization of bean failed; nested exception is org.springframework.aop.framework.AopConfigException: Could not generate CGLIB subclass of class brave.sampler.Sampler: Common causes of this problem include using a final class or a non-visible class; nested exception is org.springframework.cglib.core.CodeGenerationException: java.lang.LinkageError-->loader 'app' attempted duplicate class definition for brave.sampler.Sampler$$EnhancerBySpringCGLIB$$e30c2284. (brave.sampler.Sampler$$EnhancerBySpringCGLIB$$e30c2284 is in unnamed module of loader 'app')
	at org.springframework.beans.factory.support.ConstructorResolver.createArgumentArray(ConstructorResolver.java:798)
	at org.springframework.beans.factory.support.ConstructorResolver.instantiateUsingFactoryMethod(ConstructorResolver.java:539)
	at org.springframework.beans.factory.support.AbstractAutowireCapableBeanFactory.instantiateUsingFactoryMethod(AbstractAutowireCapableBeanFactory.java:1338)
	at org.springframework.beans.factory.support.AbstractAutowireCapableBeanFactory.createBeanInstance(AbstractAutowireCapableBeanFactory.java:1177)
	at org.springframework.beans.factory.support.AbstractAutowireCapableBeanFactory.doCreateBean(AbstractAutowireCapableBeanFactory.java:557)
	at org.springframework.beans.factory.support.AbstractAutowireCapableBeanFactory.createBean(AbstractAutowireCapableBeanFactory.java:517)
	at org.springframework.beans.factory.support.AbstractBeanFactory.lambda$doGetBean$0(AbstractBeanFactory.java:323)
	at org.springframework.beans.factory.support.DefaultSingletonBeanRegistry.getSingleton(DefaultSingletonBeanRegistry.java:222)
	at org.springframework.beans.factory.support.AbstractBeanFactory.doGetBean(AbstractBeanFactory.java:321)
	at org.springframework.beans.factory.support.AbstractBeanFactory.getBean(AbstractBeanFactory.java:207)
	at org.springframework.boot.web.servlet.ServletContextInitializerBeans.getOrderedBeansOfType(ServletContextInitializerBeans.java:211)
	at org.springframework.boot.web.servlet.ServletContextInitializerBeans.addAsRegistrationBean(ServletContextInitializerBeans.java:174)
	at org.springframework.boot.web.servlet.ServletContextInitializerBeans.addAsRegistrationBean(ServletContextInitializerBeans.java:169)
	at org.springframework.boot.web.servlet.ServletContextInitializerBeans.addAdaptableBeans(ServletContextInitializerBeans.java:154)
	at org.springframework.boot.web.servlet.ServletContextInitializerBeans.<init>(ServletContextInitializerBeans.java:86)
	at org.springframework.boot.web.servlet.context.ServletWebServerApplicationContext.getServletContextInitializerBeans(ServletWebServerApplicationContext.java:253)
	at org.springframework.boot.web.servlet.context.ServletWebServerApplicationContext.selfInitialize(ServletWebServerApplicationContext.java:227)
	at org.springframework.boot.web.embedded.tomcat.TomcatStarter.onStartup(TomcatStarter.java:53)
	at org.apache.catalina.core.StandardContext.startInternal(StandardContext.java:5135)
	at org.apache.catalina.util.LifecycleBase.start(LifecycleBase.java:183)
	at org.apache.catalina.core.ContainerBase$StartChild.call(ContainerBase.java:1384)
	at org.apache.catalina.core.ContainerBase$StartChild.call(ContainerBase.java:1374)
	at java.base/java.util.concurrent.FutureTask.run(FutureTask.java:264)
	at org.apache.tomcat.util.threads.InlineExecutorService.execute(InlineExecutorService.java:75)
	at java.base/java.util.concurrent.AbstractExecutorService.submit(AbstractExecutorService.java:145)
	at org.apache.catalina.core.ContainerBase.startInternal(ContainerBase.java:909)
	at org.apache.catalina.core.StandardHost.startInternal(StandardHost.java:841)
	at org.apache.catalina.util.LifecycleBase.start(LifecycleBase.java:183)
	at org.apache.catalina.core.ContainerBase$StartChild.call(ContainerBase.java:1384)
	at org.apache.catalina.core.ContainerBase$StartChild.call(ContainerBase.java:1374)
	at java.base/java.util.concurrent.FutureTask.run(FutureTask.java:264)
	at org.apache.tomcat.util.threads.InlineExecutorService.execute(InlineExecutorService.java:75)
	at java.base/java.util.concurrent.AbstractExecutorService.submit(AbstractExecutorService.java:145)
	at org.apache.catalina.core.ContainerBase.startInternal(ContainerBase.java:909)
	at org.apache.catalina.core.StandardEngine.startInternal(StandardEngine.java:262)
	at org.apache.catalina.util.LifecycleBase.start(LifecycleBase.java:183)
	at org.apache.catalina.core.StandardService.startInternal(StandardService.java:421)
	at org.apache.catalina.util.LifecycleBase.start(LifecycleBase.java:183)
	at org.apache.catalina.core.StandardServer.startInternal(StandardServer.java:930)
	at org.apache.catalina.util.LifecycleBase.start(LifecycleBase.java:183)
	at org.apache.catalina.startup.Tomcat.start(Tomcat.java:467)
	at org.springframework.boot.web.embedded.tomcat.TomcatWebServer.initialize(TomcatWebServer.java:107)
	... 18 common frames omitted
Caused by: org.springframework.beans.factory.UnsatisfiedDependencyException: Error creating bean with name 'httpTracing' defined in class path resource [org/springframework/cloud/sleuth/instrument/web/TraceHttpAutoConfiguration.class]: Unsatisfied dependency expressed through method 'httpTracing' parameter 0; nested exception is org.springframework.beans.factory.UnsatisfiedDependencyException: Error creating bean with name 'tracing' defined in class path resource [org/springframework/cloud/sleuth/autoconfig/TraceAutoConfiguration.class]: Unsatisfied dependency expressed through method 'tracing' parameter 3; nested exception is org.springframework.beans.factory.BeanCreationException: Error creating bean with name 'defaultTraceSampler' defined in BeanDefinition defined in class path resource [org/springframework/cloud/sleuth/sampler/SamplerAutoConfiguration$RefreshScopedSamplerConfiguration.class]: Initialization of bean failed; nested exception is org.springframework.aop.framework.AopConfigException: Could not generate CGLIB subclass of class brave.sampler.Sampler: Common causes of this problem include using a final class or a non-visible class; nested exception is org.springframework.cglib.core.CodeGenerationException: java.lang.LinkageError-->loader 'app' attempted duplicate class definition for brave.sampler.Sampler$$EnhancerBySpringCGLIB$$e30c2284. (brave.sampler.Sampler$$EnhancerBySpringCGLIB$$e30c2284 is in unnamed module of loader 'app')
	at org.springframework.beans.factory.support.ConstructorResolver.createArgumentArray(ConstructorResolver.java:798)
	at org.springframework.beans.factory.support.ConstructorResolver.instantiateUsingFactoryMethod(ConstructorResolver.java:539)
	at org.springframework.beans.factory.support.AbstractAutowireCapableBeanFactory.instantiateUsingFactoryMethod(AbstractAutowireCapableBeanFactory.java:1338)
	at org.springframework.beans.factory.support.AbstractAutowireCapableBeanFactory.createBeanInstance(AbstractAutowireCapableBeanFactory.java:1177)
	at org.springframework.beans.factory.support.AbstractAutowireCapableBeanFactory.doCreateBean(AbstractAutowireCapableBeanFactory.java:557)
	at org.springframework.beans.factory.support.AbstractAutowireCapableBeanFactory.createBean(AbstractAutowireCapableBeanFactory.java:517)
	at org.springframework.beans.factory.support.AbstractBeanFactory.lambda$doGetBean$0(AbstractBeanFactory.java:323)
	at org.springframework.beans.factory.support.DefaultSingletonBeanRegistry.getSingleton(DefaultSingletonBeanRegistry.java:222)
	at org.springframework.beans.factory.support.AbstractBeanFactory.doGetBean(AbstractBeanFactory.java:321)
	at org.springframework.beans.factory.support.AbstractBeanFactory.getBean(AbstractBeanFactory.java:202)
	at org.springframework.beans.factory.config.DependencyDescriptor.resolveCandidate(DependencyDescriptor.java:276)
	at org.springframework.beans.factory.support.DefaultListableBeanFactory.doResolveDependency(DefaultListableBeanFactory.java:1287)
	at org.springframework.beans.factory.support.DefaultListableBeanFactory.resolveDependency(DefaultListableBeanFactory.java:1207)
	at org.springframework.beans.factory.support.ConstructorResolver.resolveAutowiredArgument(ConstructorResolver.java:885)
	at org.springframework.beans.factory.support.ConstructorResolver.createArgumentArray(ConstructorResolver.java:789)
	... 59 common frames omitted
Caused by: org.springframework.beans.factory.UnsatisfiedDependencyException: Error creating bean with name 'tracing' defined in class path resource [org/springframework/cloud/sleuth/autoconfig/TraceAutoConfiguration.class]: Unsatisfied dependency expressed through method 'tracing' parameter 3; nested exception is org.springframework.beans.factory.BeanCreationException: Error creating bean with name 'defaultTraceSampler' defined in BeanDefinition defined in class path resource [org/springframework/cloud/sleuth/sampler/SamplerAutoConfiguration$RefreshScopedSamplerConfiguration.class]: Initialization of bean failed; nested exception is org.springframework.aop.framework.AopConfigException: Could not generate CGLIB subclass of class brave.sampler.Sampler: Common causes of this problem include using a final class or a non-visible class; nested exception is org.springframework.cglib.core.CodeGenerationException: java.lang.LinkageError-->loader 'app' attempted duplicate class definition for brave.sampler.Sampler$$EnhancerBySpringCGLIB$$e30c2284. (brave.sampler.Sampler$$EnhancerBySpringCGLIB$$e30c2284 is in unnamed module of loader 'app')
	at org.springframework.beans.factory.support.ConstructorResolver.createArgumentArray(ConstructorResolver.java:798)
	at org.springframework.beans.factory.support.ConstructorResolver.instantiateUsingFactoryMethod(ConstructorResolver.java:539)
	at org.springframework.beans.factory.support.AbstractAutowireCapableBeanFactory.instantiateUsingFactoryMethod(AbstractAutowireCapableBeanFactory.java:1338)
	at org.springframework.beans.factory.support.AbstractAutowireCapableBeanFactory.createBeanInstance(AbstractAutowireCapableBeanFactory.java:1177)
	at org.springframework.beans.factory.support.AbstractAutowireCapableBeanFactory.doCreateBean(AbstractAutowireCapableBeanFactory.java:557)
	at org.springframework.beans.factory.support.AbstractAutowireCapableBeanFactory.createBean(AbstractAutowireCapableBeanFactory.java:517)
	at org.springframework.beans.factory.support.AbstractBeanFactory.lambda$doGetBean$0(AbstractBeanFactory.java:323)
	at org.springframework.beans.factory.support.DefaultSingletonBeanRegistry.getSingleton(DefaultSingletonBeanRegistry.java:222)
	at org.springframework.beans.factory.support.AbstractBeanFactory.doGetBean(AbstractBeanFactory.java:321)
	at org.springframework.beans.factory.support.AbstractBeanFactory.getBean(AbstractBeanFactory.java:202)
	at org.springframework.beans.factory.config.DependencyDescriptor.resolveCandidate(DependencyDescriptor.java:276)
	at org.springframework.beans.factory.support.DefaultListableBeanFactory.doResolveDependency(DefaultListableBeanFactory.java:1287)
	at org.springframework.beans.factory.support.DefaultListableBeanFactory.resolveDependency(DefaultListableBeanFactory.java:1207)
	at org.springframework.beans.factory.support.ConstructorResolver.resolveAutowiredArgument(ConstructorResolver.java:885)
	at org.springframework.beans.factory.support.ConstructorResolver.createArgumentArray(ConstructorResolver.java:789)
	... 73 common frames omitted
Caused by: org.springframework.beans.factory.BeanCreationException: Error creating bean with name 'defaultTraceSampler' defined in BeanDefinition defined in class path resource [org/springframework/cloud/sleuth/sampler/SamplerAutoConfiguration$RefreshScopedSamplerConfiguration.class]: Initialization of bean failed; nested exception is org.springframework.aop.framework.AopConfigException: Could not generate CGLIB subclass of class brave.sampler.Sampler: Common causes of this problem include using a final class or a non-visible class; nested exception is org.springframework.cglib.core.CodeGenerationException: java.lang.LinkageError-->loader 'app' attempted duplicate class definition for brave.sampler.Sampler$$EnhancerBySpringCGLIB$$e30c2284. (brave.sampler.Sampler$$EnhancerBySpringCGLIB$$e30c2284 is in unnamed module of loader 'app')
	at org.springframework.beans.factory.support.AbstractAutowireCapableBeanFactory.doCreateBean(AbstractAutowireCapableBeanFactory.java:603)
	at org.springframework.beans.factory.support.AbstractAutowireCapableBeanFactory.createBean(AbstractAutowireCapableBeanFactory.java:517)
	at org.springframework.beans.factory.support.AbstractBeanFactory.lambda$doGetBean$0(AbstractBeanFactory.java:323)
	at org.springframework.beans.factory.support.DefaultSingletonBeanRegistry.getSingleton(DefaultSingletonBeanRegistry.java:222)
	at org.springframework.beans.factory.support.AbstractBeanFactory.doGetBean(AbstractBeanFactory.java:321)
	at org.springframework.beans.factory.support.AbstractBeanFactory.getBean(AbstractBeanFactory.java:202)
	at org.springframework.beans.factory.config.DependencyDescriptor.resolveCandidate(DependencyDescriptor.java:276)
	at org.springframework.beans.factory.support.DefaultListableBeanFactory.doResolveDependency(DefaultListableBeanFactory.java:1287)
	at org.springframework.beans.factory.support.DefaultListableBeanFactory.resolveDependency(DefaultListableBeanFactory.java:1207)
	at org.springframework.beans.factory.support.ConstructorResolver.resolveAutowiredArgument(ConstructorResolver.java:885)
	at org.springframework.beans.factory.support.ConstructorResolver.createArgumentArray(ConstructorResolver.java:789)
	... 87 common frames omitted
Caused by: org.springframework.aop.framework.AopConfigException: Could not generate CGLIB subclass of class brave.sampler.Sampler: Common causes of this problem include using a final class or a non-visible class; nested exception is org.springframework.cglib.core.CodeGenerationException: java.lang.LinkageError-->loader 'app' attempted duplicate class definition for brave.sampler.Sampler$$EnhancerBySpringCGLIB$$e30c2284. (brave.sampler.Sampler$$EnhancerBySpringCGLIB$$e30c2284 is in unnamed module of loader 'app')
	at org.springframework.aop.framework.CglibAopProxy.getProxy(CglibAopProxy.java:208)
	at org.springframework.aop.framework.ProxyFactory.getProxy(ProxyFactory.java:110)
	at org.springframework.aop.scope.ScopedProxyFactoryBean.setBeanFactory(ScopedProxyFactoryBean.java:117)
	at org.springframework.cloud.context.scope.GenericScope$LockedScopedProxyFactoryBean.setBeanFactory(GenericScope.java:462)
	at org.springframework.beans.factory.support.AbstractAutowireCapableBeanFactory.invokeAwareMethods(AbstractAutowireCapableBeanFactory.java:1818)
	at org.springframework.beans.factory.support.AbstractAutowireCapableBeanFactory.initializeBean(AbstractAutowireCapableBeanFactory.java:1783)
	at org.springframework.beans.factory.support.AbstractAutowireCapableBeanFactory.doCreateBean(AbstractAutowireCapableBeanFactory.java:595)
	... 97 common frames omitted
Caused by: org.springframework.cglib.core.CodeGenerationException: java.lang.LinkageError-->loader 'app' attempted duplicate class definition for brave.sampler.Sampler$$EnhancerBySpringCGLIB$$e30c2284. (brave.sampler.Sampler$$EnhancerBySpringCGLIB$$e30c2284 is in unnamed module of loader 'app')
	at org.springframework.cglib.core.ReflectUtils.defineClass(ReflectUtils.java:558)
	at org.springframework.cglib.core.AbstractClassGenerator.generate(AbstractClassGenerator.java:363)
	at org.springframework.cglib.proxy.Enhancer.generate(Enhancer.java:582)
	at org.springframework.cglib.core.AbstractClassGenerator$ClassLoaderData$3.apply(AbstractClassGenerator.java:110)
	at org.springframework.cglib.core.AbstractClassGenerator$ClassLoaderData$3.apply(AbstractClassGenerator.java:108)
	at org.springframework.cglib.core.internal.LoadingCache$2.call(LoadingCache.java:54)
	at java.base/java.util.concurrent.FutureTask.run(FutureTask.java:264)
	at org.springframework.cglib.core.internal.LoadingCache.createEntry(LoadingCache.java:61)
	at org.springframework.cglib.core.internal.LoadingCache.get(LoadingCache.java:34)
	at org.springframework.cglib.core.AbstractClassGenerator$ClassLoaderData.get(AbstractClassGenerator.java:134)
	at org.springframework.cglib.core.AbstractClassGenerator.create(AbstractClassGenerator.java:319)
	at org.springframework.cglib.proxy.Enhancer.createHelper(Enhancer.java:569)
	at org.springframework.cglib.proxy.Enhancer.createClass(Enhancer.java:416)
	at org.springframework.aop.framework.ObjenesisCglibAopProxy.createProxyClassAndInstance(ObjenesisCglibAopProxy.java:57)
	at org.springframework.aop.framework.CglibAopProxy.getProxy(CglibAopProxy.java:205)
	... 103 common frames omitted
Caused by: java.lang.LinkageError: loader 'app' attempted duplicate class definition for brave.sampler.Sampler$$EnhancerBySpringCGLIB$$e30c2284. (brave.sampler.Sampler$$EnhancerBySpringCGLIB$$e30c2284 is in unnamed module of loader 'app')
	at java.base/java.lang.ClassLoader.defineClass0(Native Method)
	at java.base/java.lang.System$2.defineClass(System.java:2307)
	at java.base/java.lang.invoke.MethodHandles$Lookup$ClassDefiner.defineClass(MethodHandles.java:2439)
	at java.base/java.lang.invoke.MethodHandles$Lookup$ClassDefiner.defineClass(MethodHandles.java:2416)
	at java.base/java.lang.invoke.MethodHandles$Lookup.defineClass(MethodHandles.java:1843)
	at java.base/jdk.internal.reflect.GeneratedMethodAccessor57.invoke(Unknown Source)
	at java.base/jdk.internal.reflect.DelegatingMethodAccessorImpl.invoke(DelegatingMethodAccessorImpl.java:43)
	at java.base/java.lang.reflect.Method.invoke(Method.java:568)
	at org.springframework.cglib.core.ReflectUtils.defineClass(ReflectUtils.java:555)
	... 117 common frames omitted
2022-06-12 11:05:08,453|INFO |[restartedMain]||The Class-Path manifest attribute in C:\Users\lenovo\.m2\repository\org\glassfish\jaxb\jaxb-runtime\2.3.2\jaxb-runtime-2.3.2.jar referenced one or more files that do not exist: file:/C:/Users/lenovo/.m2/repository/org/glassfish/jaxb/jaxb-runtime/2.3.2/jakarta.xml.bind-api-2.3.2.jar,file:/C:/Users/lenovo/.m2/repository/org/glassfish/jaxb/jaxb-runtime/2.3.2/txw2-2.3.2.jar,file:/C:/Users/lenovo/.m2/repository/org/glassfish/jaxb/jaxb-runtime/2.3.2/istack-commons-runtime-3.0.8.jar,file:/C:/Users/lenovo/.m2/repository/org/glassfish/jaxb/jaxb-runtime/2.3.2/stax-ex-1.8.1.jar,file:/C:/Users/lenovo/.m2/repository/org/glassfish/jaxb/jaxb-runtime/2.3.2/FastInfoset-1.2.16.jar,file:/C:/Users/lenovo/.m2/repository/org/glassfish/jaxb/jaxb-runtime/2.3.2/jakarta.activation-api-1.2.1.jar
2022-06-12 11:05:08,469|INFO |[restartedMain]||Devtools property defaults active! Set 'spring.devtools.add-properties' to 'false' to disable
2022-06-12 11:05:09,717|INFO |[restartedMain]||No active profile set, falling back to default profiles: default
2022-06-12 11:05:13,405|INFO |[restartedMain]||Bootstrapping Spring Data JPA repositories in DEFAULT mode.
2022-06-12 11:05:13,873|INFO |[restartedMain]||Finished Spring Data repository scanning in 436ms. Found 2 JPA repository interfaces.
2022-06-12 11:05:15,202|INFO |[restartedMain]||BeanFactory id=ef6f6a0d-a0aa-3404-8ab3-ae938132a8c0
2022-06-12 11:05:19,347|INFO |[restartedMain]||Tomcat initialized with port(s): 8089 (http)
2022-06-12 11:05:19,396|INFO |[restartedMain]||Initializing ProtocolHandler ["http-nio-8089"]
2022-06-12 11:05:19,397|INFO |[restartedMain]||Starting service [Tomcat]
2022-06-12 11:05:19,398|INFO |[restartedMain]||Starting Servlet engine: [Apache Tomcat/9.0.31]
2022-06-12 11:05:19,854|INFO |[restartedMain]||Initializing Spring embedded WebApplicationContext
2022-06-12 11:05:19,859|INFO |[restartedMain]||Root WebApplicationContext: initialization completed in 10090 ms
2022-06-12 11:05:20,431|WARN |[restartedMain]||No URLs will be polled as dynamic configuration sources.
2022-06-12 11:05:20,434|INFO |[restartedMain]||To enable URLs as dynamic configuration sources, define System property archaius.configurationSource.additionalUrls or make config.properties available on classpath.
2022-06-12 11:05:20,474|INFO |[restartedMain]||DynamicPropertyFactory is initialized with configuration sources: com.netflix.config.ConcurrentCompositeConfiguration@12f9840e
2022-06-12 11:05:23,004|WARN |[restartedMain]||Check result of the [RestTemplateSender{http://localhost:9411/api/v2/spans}] contains an error [CheckResult{ok=false, error=org.springframework.web.client.ResourceAccessException: I/O error on POST request for "http://localhost:9411/api/v2/spans": Connection refused: no further information; nested exception is java.net.ConnectException: Connection refused: no further information}]
2022-06-12 11:05:23,853|INFO |[restartedMain]||HikariPool-1 - Starting...
2022-06-12 11:05:24,794|INFO |[restartedMain]||HikariPool-1 - Start completed.
2022-06-12 11:05:25,007|INFO |[restartedMain]||HHH000204: Processing PersistenceUnitInfo [
	name: default
	...]
2022-06-12 11:05:25,455|INFO |[restartedMain]||HHH000412: Hibernate Core {5.4.0.Final}
2022-06-12 11:05:25,462|INFO |[restartedMain]||HHH000206: hibernate.properties not found
2022-06-12 11:05:26,178|INFO |[restartedMain]||HCANN000001: Hibernate Commons Annotations {5.1.0.Final}
2022-06-12 11:05:26,591|INFO |[restartedMain]||HHH000400: Using dialect: org.hibernate.dialect.Oracle10gDialect
2022-06-12 11:05:28,808|INFO |[restartedMain]||HHH000490: Using JtaPlatform implementation: [org.hibernate.engine.transaction.jta.platform.internal.NoJtaPlatform]
2022-06-12 11:05:28,817|INFO |[restartedMain]||Initialized JPA EntityManagerFactory for persistence unit 'default'
2022-06-12 11:05:29,948|INFO |[restartedMain]||HHH000397: Using ASTQueryTranslatorFactory
2022-06-12 11:05:32,361|WARN |[restartedMain]||spring.jpa.open-in-view is enabled by default. Therefore, database queries may be performed during view rendering. Explicitly configure spring.jpa.open-in-view to disable this warning
2022-06-12 11:05:32,783|INFO |[restartedMain]||Exposing 2 endpoint(s) beneath base path '/actuator'
2022-06-12 11:05:33,178|INFO |[restartedMain]||Mapped URL path [/v2/api-docs] onto method [springfox.documentation.swagger2.web.Swagger2Controller#getDocumentation(String, HttpServletRequest)]
2022-06-12 11:05:33,256|WARN |[restartedMain]||No URLs will be polled as dynamic configuration sources.
2022-06-12 11:05:33,257|INFO |[restartedMain]||To enable URLs as dynamic configuration sources, define System property archaius.configurationSource.additionalUrls or make config.properties available on classpath.
2022-06-12 11:05:33,600|INFO |[restartedMain]||Initializing ExecutorService 'applicationTaskExecutor'
2022-06-12 11:05:33,771|INFO |[restartedMain]||LiveReload server is running on port 35729
2022-06-12 11:05:36,767|INFO |[restartedMain]||Context refreshed
2022-06-12 11:05:36,829|INFO |[restartedMain]||Found 1 custom documentation plugin(s)
2022-06-12 11:05:36,919|INFO |[restartedMain]||Scanning for api listing references
2022-06-12 11:05:37,520|INFO |[restartedMain]||Generating unique operation named: handleUsingGET_1
2022-06-12 11:05:37,534|INFO |[restartedMain]||Generating unique operation named: handleUsingGET_2
2022-06-12 11:05:37,632|INFO |[restartedMain]||Starting ProtocolHandler ["http-nio-8089"]
2022-06-12 11:05:37,785|INFO |[restartedMain]||Tomcat started on port(s): 8089 (http) with context path ''
2022-06-12 11:05:38,550|INFO |[restartedMain]||Started DemoClientL in 32.357 seconds (JVM running for 34.919)
2022-06-12 11:05:38,586|INFO |[restartedMain]||*****************info**************
2022-06-12 11:22:56,359|INFO |[http-nio-8089-exec-2]||Initializing Spring DispatcherServlet 'dispatcherServlet'
2022-06-12 11:22:56,368|INFO |[http-nio-8089-exec-2]||Initializing Servlet 'dispatcherServlet'
2022-06-12 11:22:56,522|INFO |[http-nio-8089-exec-2]||Completed initialization in 153 ms
2022-06-12 11:22:56,781|INFO |[http-nio-8089-exec-2]||Incoming request at client origin for request /origin 
2022-06-12 11:22:59,763|WARN |[AsyncReporter{RestTemplateSender{http://localhost:9411/api/v2/spans}}]||Spans were dropped due to exceptions. All subsequent errors will be logged at FINE level.
2022-06-12 11:22:59,768|WARN |[AsyncReporter{RestTemplateSender{http://localhost:9411/api/v2/spans}}]||Dropped 1 spans due to ResourceAccessException(I/O error on POST request for "http://localhost:9411/api/v2/spans": Connection refused: no further information; nested exception is java.net.ConnectException: Connection refused: no further information)
org.springframework.web.client.ResourceAccessException: I/O error on POST request for "http://localhost:9411/api/v2/spans": Connection refused: no further information; nested exception is java.net.ConnectException: Connection refused: no further information
	at org.springframework.web.client.RestTemplate.doExecute(RestTemplate.java:748)
	at org.springframework.cloud.sleuth.zipkin2.sender.ZipkinRestTemplateWrapper.doExecute(ZipkinRestTemplateSenderConfiguration.java:228)
	at org.springframework.web.client.RestTemplate.exchange(RestTemplate.java:641)
	at org.springframework.cloud.sleuth.zipkin2.sender.RestTemplateSender.post(RestTemplateSender.java:143)
	at org.springframework.cloud.sleuth.zipkin2.sender.RestTemplateSender$HttpPostCall.doExecute(RestTemplateSender.java:161)
	at org.springframework.cloud.sleuth.zipkin2.sender.RestTemplateSender$HttpPostCall.doExecute(RestTemplateSender.java:151)
	at zipkin2.Call$Base.execute(Call.java:380)
	at zipkin2.reporter.AsyncReporter$BoundedAsyncReporter.flush(AsyncReporter.java:299)
	at zipkin2.reporter.AsyncReporter$Flusher.run(AsyncReporter.java:378)
	at java.base/java.lang.Thread.run(Thread.java:833)
Caused by: java.net.ConnectException: Connection refused: no further information
	at java.base/sun.nio.ch.Net.pollConnect(Native Method)
	at java.base/sun.nio.ch.Net.pollConnectNow(Net.java:672)
	at java.base/sun.nio.ch.NioSocketImpl.timedFinishConnect(NioSocketImpl.java:542)
	at java.base/sun.nio.ch.NioSocketImpl.connect(NioSocketImpl.java:597)
	at java.base/java.net.Socket.connect(Socket.java:633)
	at java.base/sun.net.NetworkClient.doConnect(NetworkClient.java:178)
	at java.base/sun.net.www.http.HttpClient.openServer(HttpClient.java:498)
	at java.base/sun.net.www.http.HttpClient.openServer(HttpClient.java:603)
	at java.base/sun.net.www.http.HttpClient.<init>(HttpClient.java:246)
	at java.base/sun.net.www.http.HttpClient.New(HttpClient.java:351)
	at java.base/sun.net.www.http.HttpClient.New(HttpClient.java:373)
	at java.base/sun.net.www.protocol.http.HttpURLConnection.getNewHttpClient(HttpURLConnection.java:1309)
	at java.base/sun.net.www.protocol.http.HttpURLConnection.plainConnect0(HttpURLConnection.java:1242)
	at java.base/sun.net.www.protocol.http.HttpURLConnection.plainConnect(HttpURLConnection.java:1128)
	at java.base/sun.net.www.protocol.http.HttpURLConnection.connect(HttpURLConnection.java:1057)
	at org.springframework.http.client.SimpleBufferingClientHttpRequest.executeInternal(SimpleBufferingClientHttpRequest.java:76)
	at org.springframework.http.client.AbstractBufferingClientHttpRequest.executeInternal(AbstractBufferingClientHttpRequest.java:48)
	at org.springframework.http.client.AbstractClientHttpRequest.execute(AbstractClientHttpRequest.java:53)
	at org.springframework.web.client.RestTemplate.doExecute(RestTemplate.java:739)
	... 9 common frames omitted
2022-06-12 11:23:13,153|INFO |[http-nio-8089-exec-1]||Incoming request at client origin for request /origin 
2022-06-12 13:03:59,518|WARN |[HikariPool-1 housekeeper]||HikariPool-1 - Thread starvation or clock leap detected (housekeeper delta=1h8m33s689ms669s900ns).
2022-06-12 13:33:29,467|WARN |[HikariPool-1 housekeeper]||HikariPool-1 - Thread starvation or clock leap detected (housekeeper delta=10m59s420ms805s700ns).
2022-06-12 14:53:10,796|WARN |[HikariPool-1 housekeeper]||HikariPool-1 - Thread starvation or clock leap detected (housekeeper delta=1h3m41s75ms447s100ns).
2022-06-12 15:22:18,320|WARN |[HikariPool-1 housekeeper]||HikariPool-1 - Thread starvation or clock leap detected (housekeeper delta=5m37s108ms949s400ns).
2022-06-12 16:35:20,381|WARN |[HikariPool-1 housekeeper]||HikariPool-1 - Thread starvation or clock leap detected (housekeeper delta=27m1s321ms752s800ns).
2022-06-12 17:57:51,969|WARN |[HikariPool-1 housekeeper]||HikariPool-1 - Thread starvation or clock leap detected (housekeeper delta=37m30s476ms907s).
2022-06-12 22:55:39,094|WARN |[HikariPool-1 housekeeper]||HikariPool-1 - Thread starvation or clock leap detected (housekeeper delta=4h41m23s741ms335s400ns).
