2022-06-07 17:11:46,705|INFO |[restartedMain]||The Class-Path manifest attribute in C:\Users\lenovo\.m2\repository\org\glassfish\jaxb\jaxb-runtime\2.3.2\jaxb-runtime-2.3.2.jar referenced one or more files that do not exist: file:/C:/Users/lenovo/.m2/repository/org/glassfish/jaxb/jaxb-runtime/2.3.2/jakarta.xml.bind-api-2.3.2.jar,file:/C:/Users/lenovo/.m2/repository/org/glassfish/jaxb/jaxb-runtime/2.3.2/txw2-2.3.2.jar,file:/C:/Users/lenovo/.m2/repository/org/glassfish/jaxb/jaxb-runtime/2.3.2/istack-commons-runtime-3.0.8.jar,file:/C:/Users/lenovo/.m2/repository/org/glassfish/jaxb/jaxb-runtime/2.3.2/stax-ex-1.8.1.jar,file:/C:/Users/lenovo/.m2/repository/org/glassfish/jaxb/jaxb-runtime/2.3.2/FastInfoset-1.2.16.jar,file:/C:/Users/lenovo/.m2/repository/org/glassfish/jaxb/jaxb-runtime/2.3.2/jakarta.activation-api-1.2.1.jar
2022-06-07 17:11:46,720|INFO |[restartedMain]||Devtools property defaults active! Set 'spring.devtools.add-properties' to 'false' to disable
2022-06-07 17:11:48,054|INFO |[restartedMain]||No active profile set, falling back to default profiles: default
2022-06-07 17:11:52,013|INFO |[restartedMain]||Bootstrapping Spring Data JPA repositories in DEFAULT mode.
2022-06-07 17:11:52,579|INFO |[restartedMain]||Finished Spring Data repository scanning in 535ms. Found 2 JPA repository interfaces.
2022-06-07 17:11:53,926|INFO |[restartedMain]||BeanFactory id=ef6f6a0d-a0aa-3404-8ab3-ae938132a8c0
2022-06-07 17:11:57,243|INFO |[restartedMain]||Tomcat initialized with port(s): 8089 (http)
2022-06-07 17:11:57,273|INFO |[restartedMain]||Initializing ProtocolHandler ["http-nio-8089"]
2022-06-07 17:11:57,274|INFO |[restartedMain]||Starting service [Tomcat]
2022-06-07 17:11:57,275|INFO |[restartedMain]||Starting Servlet engine: [Apache Tomcat/9.0.31]
2022-06-07 17:11:57,654|INFO |[restartedMain]||Initializing Spring embedded WebApplicationContext
2022-06-07 17:11:57,660|INFO |[restartedMain]||Root WebApplicationContext: initialization completed in 9551 ms
2022-06-07 17:11:58,349|WARN |[restartedMain]||No URLs will be polled as dynamic configuration sources.
2022-06-07 17:11:58,352|INFO |[restartedMain]||To enable URLs as dynamic configuration sources, define System property archaius.configurationSource.additionalUrls or make config.properties available on classpath.
2022-06-07 17:11:58,382|INFO |[restartedMain]||DynamicPropertyFactory is initialized with configuration sources: com.netflix.config.ConcurrentCompositeConfiguration@169d696e
2022-06-07 17:12:01,245|WARN |[restartedMain]||Check result of the [RestTemplateSender{http://localhost:9411/api/v2/spans}] contains an error [CheckResult{ok=false, error=org.springframework.web.client.ResourceAccessException: I/O error on POST request for "http://localhost:9411/api/v2/spans": Connection refused: no further information; nested exception is java.net.ConnectException: Connection refused: no further information}]
2022-06-07 17:12:02,065|INFO |[restartedMain]||HikariPool-1 - Starting...
2022-06-07 17:12:02,847|INFO |[restartedMain]||HikariPool-1 - Start completed.
2022-06-07 17:12:02,998|INFO |[restartedMain]||HHH000204: Processing PersistenceUnitInfo [
	name: default
	...]
2022-06-07 17:12:03,520|INFO |[restartedMain]||HHH000412: Hibernate Core {5.4.0.Final}
2022-06-07 17:12:03,533|INFO |[restartedMain]||HHH000206: hibernate.properties not found
2022-06-07 17:12:04,189|INFO |[restartedMain]||HCANN000001: Hibernate Commons Annotations {5.1.0.Final}
2022-06-07 17:12:04,608|INFO |[restartedMain]||HHH000400: Using dialect: org.hibernate.dialect.Oracle10gDialect
2022-06-07 17:12:07,147|INFO |[restartedMain]||HHH000490: Using JtaPlatform implementation: [org.hibernate.engine.transaction.jta.platform.internal.NoJtaPlatform]
2022-06-07 17:12:07,154|INFO |[restartedMain]||Initialized JPA EntityManagerFactory for persistence unit 'default'
2022-06-07 17:12:08,241|INFO |[restartedMain]||HHH000397: Using ASTQueryTranslatorFactory
2022-06-07 17:12:10,697|WARN |[restartedMain]||spring.jpa.open-in-view is enabled by default. Therefore, database queries may be performed during view rendering. Explicitly configure spring.jpa.open-in-view to disable this warning
2022-06-07 17:12:11,348|INFO |[restartedMain]||Exposing 2 endpoint(s) beneath base path '/actuator'
2022-06-07 17:12:11,805|INFO |[restartedMain]||Mapped URL path [/v2/api-docs] onto method [springfox.documentation.swagger2.web.Swagger2Controller#getDocumentation(String, HttpServletRequest)]
2022-06-07 17:12:11,893|WARN |[restartedMain]||No URLs will be polled as dynamic configuration sources.
2022-06-07 17:12:11,894|INFO |[restartedMain]||To enable URLs as dynamic configuration sources, define System property archaius.configurationSource.additionalUrls or make config.properties available on classpath.
2022-06-07 17:12:12,297|INFO |[restartedMain]||Initializing ExecutorService 'applicationTaskExecutor'
2022-06-07 17:12:12,466|WARN |[restartedMain]||Unable to start LiveReload server
2022-06-07 17:12:15,458|INFO |[restartedMain]||Context refreshed
2022-06-07 17:12:15,512|INFO |[restartedMain]||Found 1 custom documentation plugin(s)
2022-06-07 17:12:15,609|INFO |[restartedMain]||Scanning for api listing references
2022-06-07 17:12:16,079|INFO |[restartedMain]||Generating unique operation named: handleUsingGET_1
2022-06-07 17:12:16,089|INFO |[restartedMain]||Generating unique operation named: handleUsingGET_2
2022-06-07 17:12:16,188|INFO |[restartedMain]||Starting ProtocolHandler ["http-nio-8089"]
2022-06-07 17:12:16,381|INFO |[restartedMain]||Tomcat started on port(s): 8089 (http) with context path ''
2022-06-07 17:12:17,034|INFO |[restartedMain]||Started DemoClientL in 32.544 seconds (JVM running for 35.195)
2022-06-07 17:12:17,060|INFO |[restartedMain]||*****************info**************
